<?xml version="1.0" encoding="UTF-8"?>
<!-- Generated by org.testng.reporters.JUnitReportReporter -->
<testsuite skipped="0" hostname="DESKTOP-876IUID" name="factory.subsystems.monitoring.MonitoringSystemTest" tests="3" failures="0" timestamp="19 Dez 2018 22:24:33 GMT" time="0.375" errors="0">
  <testcase name="handleEventCheckThatErrorEventHandlerIsNotUsed" time="0.334" classname="factory.subsystems.monitoring.MonitoringSystemTest"/>
  <testcase name="handleGlobalError" time="0.006" classname="factory.subsystems.monitoring.MonitoringSystemTest"/>
  <testcase name="handleError" time="0.035" classname="factory.subsystems.monitoring.MonitoringSystemTest"/>
</testsuite> <!-- factory.subsystems.monitoring.MonitoringSystemTest -->
