<?xml version="1.0" encoding="UTF-8"?>
<!-- Generated by org.testng.reporters.JUnitReportReporter -->
<testsuite skipped="0" hostname="DESKTOP-876IUID" name="factory.subsystems.monitoring.ErrorEventHandlerTest" tests="2" failures="0" timestamp="19 Dez 2018 19:49:35 GMT" time="0.176" errors="0">
  <testcase name="handleError" time="0.034" classname="factory.subsystems.monitoring.ErrorEventHandlerTest"/>
  <testcase name="handleGlobalError" time="0.142" classname="factory.subsystems.monitoring.ErrorEventHandlerTest"/>
</testsuite> <!-- factory.subsystems.monitoring.ErrorEventHandlerTest -->
